<?xml version="1.0" encoding="UTF-8"?>
<coverage generated="1764500275206" clover="3.2.0">
  <project timestamp="1764500275206" name="All files">
    <metrics statements="112" coveredstatements="102" conditionals="40" coveredconditionals="34" methods="17" coveredmethods="17" elements="169" coveredelements="153" complexity="0" loc="112" ncloc="112" packages="1" files="1" classes="1"/>
    <file name="salesService.js" path="/Users/apple/Documents/foodtruck-vue/src/services/salesService.js">
      <metrics statements="112" coveredstatements="102" conditionals="40" coveredconditionals="34" methods="17" coveredmethods="17"/>
      <line num="1" count="1" type="stmt"/>
      <line num="105" count="486" type="stmt"/>
      <line num="109" count="2" type="stmt"/>
      <line num="110" count="2" type="stmt"/>
      <line num="111" count="2" type="stmt"/>
      <line num="112" count="50" type="cond" truecount="2" falsecount="0"/>
      <line num="113" count="1" type="stmt"/>
      <line num="116" count="2" type="stmt"/>
      <line num="120" count="482" type="stmt"/>
      <line num="121" count="482" type="stmt"/>
      <line num="122" count="482" type="stmt"/>
      <line num="123" count="12050" type="cond" truecount="2" falsecount="0"/>
      <line num="124" count="3926" type="stmt"/>
      <line num="127" count="482" type="stmt"/>
      <line num="131" count="149" type="cond" truecount="4" falsecount="0"/>
      <line num="132" count="89" type="stmt"/>
      <line num="135" count="60" type="stmt"/>
      <line num="140" count="462" type="stmt"/>
      <line num="141" count="462" type="stmt"/>
      <line num="142" count="462" type="stmt"/>
      <line num="146" count="75" type="stmt"/>
      <line num="147" count="75" type="stmt"/>
      <line num="148" count="75" type="stmt"/>
      <line num="149" count="75" type="stmt"/>
      <line num="151" count="75" type="cond" truecount="3" falsecount="1"/>
      <line num="153" count="19" type="stmt"/>
      <line num="154" count="19" type="stmt"/>
      <line num="157" count="20" type="stmt"/>
      <line num="158" count="20" type="stmt"/>
      <line num="161" count="36" type="stmt"/>
      <line num="162" count="36" type="stmt"/>
      <line num="165" count="0" type="stmt"/>
      <line num="166" count="0" type="stmt"/>
      <line num="168" count="75" type="stmt"/>
      <line num="172" count="168" type="stmt"/>
      <line num="173" count="168" type="stmt"/>
      <line num="174" count="168" type="stmt"/>
      <line num="176" count="168" type="cond" truecount="3" falsecount="1"/>
      <line num="178" count="25" type="stmt"/>
      <line num="179" count="25" type="stmt"/>
      <line num="182" count="60" type="stmt"/>
      <line num="183" count="60" type="stmt"/>
      <line num="186" count="83" type="stmt"/>
      <line num="187" count="83" type="stmt"/>
      <line num="190" count="0" type="stmt"/>
      <line num="191" count="0" type="stmt"/>
      <line num="193" count="168" type="stmt"/>
      <line num="197" count="9" type="stmt"/>
      <line num="198" count="9" type="stmt"/>
      <line num="199" count="9" type="stmt"/>
      <line num="200" count="9" type="stmt"/>
      <line num="202" count="9" type="cond" truecount="3" falsecount="1"/>
      <line num="204" count="1" type="stmt"/>
      <line num="205" count="1" type="stmt"/>
      <line num="208" count="7" type="cond" truecount="2" falsecount="0"/>
      <line num="209" count="4" type="stmt"/>
      <line num="211" count="3" type="stmt"/>
      <line num="213" count="7" type="stmt"/>
      <line num="216" count="1" type="cond" truecount="1" falsecount="1"/>
      <line num="217" count="1" type="stmt"/>
      <line num="219" count="0" type="stmt"/>
      <line num="221" count="1" type="stmt"/>
      <line num="224" count="0" type="stmt"/>
      <line num="225" count="0" type="stmt"/>
      <line num="227" count="9" type="stmt"/>
      <line num="231" count="78" type="stmt"/>
      <line num="232" count="78" type="stmt"/>
      <line num="233" count="78" type="stmt"/>
      <line num="234" count="78" type="stmt"/>
      <line num="236" count="78" type="cond" truecount="3" falsecount="1"/>
      <line num="238" count="3" type="stmt"/>
      <line num="239" count="3" type="stmt"/>
      <line num="242" count="31" type="stmt"/>
      <line num="243" count="31" type="stmt"/>
      <line num="246" count="44" type="stmt"/>
      <line num="247" count="44" type="stmt"/>
      <line num="250" count="0" type="stmt"/>
      <line num="251" count="0" type="stmt"/>
      <line num="253" count="78" type="stmt"/>
      <line num="257" count="12" type="stmt"/>
      <line num="258" count="12" type="stmt"/>
      <line num="259" count="12" type="stmt"/>
      <line num="260" count="12" type="cond" truecount="2" falsecount="0"/>
      <line num="261" count="2" type="stmt"/>
      <line num="263" count="10" type="stmt"/>
      <line num="265" count="12" type="stmt"/>
      <line num="269" count="78" type="stmt"/>
      <line num="270" count="78" type="stmt"/>
      <line num="271" count="78" type="cond" truecount="2" falsecount="0"/>
      <line num="272" count="20" type="stmt"/>
      <line num="274" count="58" type="stmt"/>
      <line num="276" count="78" type="stmt"/>
      <line num="280" count="7" type="stmt"/>
      <line num="281" count="7" type="stmt"/>
      <line num="282" count="7" type="cond" truecount="2" falsecount="0"/>
      <line num="283" count="2" type="stmt"/>
      <line num="285" count="5" type="stmt"/>
      <line num="287" count="7" type="stmt"/>
      <line num="291" count="17" type="stmt"/>
      <line num="293" count="17" type="stmt"/>
      <line num="294" count="51" type="stmt"/>
      <line num="295" count="51" type="stmt"/>
      <line num="296" count="51" type="stmt"/>
      <line num="298" count="51" type="cond" truecount="4" falsecount="1"/>
      <line num="299" count="0" type="stmt"/>
      <line num="308" count="17" type="stmt"/>
      <line num="317" count="4" type="stmt"/>
      <line num="318" count="4" type="stmt"/>
      <line num="319" count="12" type="stmt"/>
      <line num="320" count="12" type="stmt"/>
      <line num="321" count="12" type="stmt"/>
      <line num="323" count="12" type="stmt"/>
    </file>
  </project>
</coverage>
