{"/Users/apple/Documents/foodtruck-vue/src/services/salesService.js": {"path":"/Users/apple/Documents/foodtruck-vue/src/services/salesService.js","statementMap":{"0":{"start":{"line":1,"column":12},"end":{"line":102,"column":1}},"1":{"start":{"line":105,"column":4},"end":{"line":105,"column":17}},"2":{"start":{"line":109,"column":18},"end":{"line":109,"column":33}},"3":{"start":{"line":110,"column":21},"end":{"line":110,"column":23}},"4":{"start":{"line":111,"column":8},"end":{"line":115,"column":11}},"5":{"start":{"line":112,"column":12},"end":{"line":114,"column":13}},"6":{"start":{"line":113,"column":16},"end":{"line":113,"column":31}},"7":{"start":{"line":116,"column":8},"end":{"line":116,"column":22}},"8":{"start":{"line":120,"column":18},"end":{"line":120,"column":33}},"9":{"start":{"line":121,"column":17},"end":{"line":121,"column":19}},"10":{"start":{"line":122,"column":8},"end":{"line":126,"column":11}},"11":{"start":{"line":123,"column":12},"end":{"line":125,"column":13}},"12":{"start":{"line":124,"column":16},"end":{"line":124,"column":31}},"13":{"start":{"line":127,"column":8},"end":{"line":127,"column":22}},"14":{"start":{"line":131,"column":4},"end":{"line":136,"column":5}},"15":{"start":{"line":132,"column":8},"end":{"line":132,"column":17}},"16":{"start":{"line":135,"column":8},"end":{"line":135,"column":41}},"17":{"start":{"line":140,"column":18},"end":{"line":140,"column":43}},"18":{"start":{"line":141,"column":17},"end":{"line":141,"column":34}},"19":{"start":{"line":142,"column":4},"end":{"line":142,"column":18}},"20":{"start":{"line":146,"column":17},"end":{"line":146,"column":37}},"21":{"start":{"line":147,"column":23},"end":{"line":147,"column":34}},"22":{"start":{"line":148,"column":17},"end":{"line":148,"column":18}},"23":{"start":{"line":149,"column":13},"end":{"line":149,"column":62}},"24":{"start":{"line":151,"column":4},"end":{"line":167,"column":5}},"25":{"start":{"line":153,"column":12},"end":{"line":153,"column":34}},"26":{"start":{"line":154,"column":12},"end":{"line":154,"column":18}},"27":{"start":{"line":157,"column":12},"end":{"line":157,"column":85}},"28":{"start":{"line":158,"column":12},"end":{"line":158,"column":18}},"29":{"start":{"line":161,"column":12},"end":{"line":161,"column":85}},"30":{"start":{"line":162,"column":12},"end":{"line":162,"column":18}},"31":{"start":{"line":165,"column":12},"end":{"line":165,"column":34}},"32":{"start":{"line":166,"column":12},"end":{"line":166,"column":18}},"33":{"start":{"line":168,"column":4},"end":{"line":168,"column":18}},"34":{"start":{"line":172,"column":17},"end":{"line":172,"column":37}},"35":{"start":{"line":173,"column":23},"end":{"line":173,"column":34}},"36":{"start":{"line":174,"column":17},"end":{"line":174,"column":18}},"37":{"start":{"line":176,"column":4},"end":{"line":192,"column":5}},"38":{"start":{"line":178,"column":12},"end":{"line":178,"column":38}},"39":{"start":{"line":179,"column":12},"end":{"line":179,"column":18}},"40":{"start":{"line":182,"column":12},"end":{"line":182,"column":109}},"41":{"start":{"line":183,"column":12},"end":{"line":183,"column":18}},"42":{"start":{"line":186,"column":12},"end":{"line":186,"column":143}},"43":{"start":{"line":187,"column":12},"end":{"line":187,"column":18}},"44":{"start":{"line":190,"column":12},"end":{"line":190,"column":38}},"45":{"start":{"line":191,"column":12},"end":{"line":191,"column":18}},"46":{"start":{"line":193,"column":4},"end":{"line":193,"column":18}},"47":{"start":{"line":197,"column":17},"end":{"line":197,"column":37}},"48":{"start":{"line":198,"column":24},"end":{"line":198,"column":35}},"49":{"start":{"line":199,"column":17},"end":{"line":199,"column":18}},"50":{"start":{"line":200,"column":13},"end":{"line":200,"column":62}},"51":{"start":{"line":202,"column":4},"end":{"line":226,"column":5}},"52":{"start":{"line":204,"column":12},"end":{"line":204,"column":68}},"53":{"start":{"line":205,"column":12},"end":{"line":205,"column":18}},"54":{"start":{"line":208,"column":12},"end":{"line":212,"column":13}},"55":{"start":{"line":209,"column":16},"end":{"line":209,"column":74}},"56":{"start":{"line":211,"column":16},"end":{"line":211,"column":121}},"57":{"start":{"line":213,"column":12},"end":{"line":213,"column":18}},"58":{"start":{"line":216,"column":12},"end":{"line":220,"column":13}},"59":{"start":{"line":217,"column":16},"end":{"line":217,"column":74}},"60":{"start":{"line":219,"column":16},"end":{"line":219,"column":121}},"61":{"start":{"line":221,"column":12},"end":{"line":221,"column":18}},"62":{"start":{"line":224,"column":12},"end":{"line":224,"column":68}},"63":{"start":{"line":225,"column":12},"end":{"line":225,"column":18}},"64":{"start":{"line":227,"column":4},"end":{"line":227,"column":18}},"65":{"start":{"line":231,"column":17},"end":{"line":231,"column":37}},"66":{"start":{"line":232,"column":23},"end":{"line":232,"column":34}},"67":{"start":{"line":233,"column":17},"end":{"line":233,"column":18}},"68":{"start":{"line":234,"column":13},"end":{"line":234,"column":62}},"69":{"start":{"line":236,"column":4},"end":{"line":252,"column":5}},"70":{"start":{"line":238,"column":12},"end":{"line":238,"column":64}},"71":{"start":{"line":239,"column":12},"end":{"line":239,"column":18}},"72":{"start":{"line":242,"column":12},"end":{"line":242,"column":136}},"73":{"start":{"line":243,"column":12},"end":{"line":243,"column":18}},"74":{"start":{"line":246,"column":12},"end":{"line":246,"column":136}},"75":{"start":{"line":247,"column":12},"end":{"line":247,"column":18}},"76":{"start":{"line":250,"column":12},"end":{"line":250,"column":64}},"77":{"start":{"line":251,"column":12},"end":{"line":251,"column":18}},"78":{"start":{"line":253,"column":4},"end":{"line":253,"column":18}},"79":{"start":{"line":257,"column":17},"end":{"line":257,"column":37}},"80":{"start":{"line":258,"column":23},"end":{"line":258,"column":34}},"81":{"start":{"line":259,"column":17},"end":{"line":259,"column":18}},"82":{"start":{"line":260,"column":4},"end":{"line":264,"column":5}},"83":{"start":{"line":261,"column":8},"end":{"line":261,"column":40}},"84":{"start":{"line":263,"column":8},"end":{"line":263,"column":83}},"85":{"start":{"line":265,"column":4},"end":{"line":265,"column":18}},"86":{"start":{"line":269,"column":17},"end":{"line":269,"column":37}},"87":{"start":{"line":270,"column":17},"end":{"line":270,"column":18}},"88":{"start":{"line":271,"column":4},"end":{"line":275,"column":5}},"89":{"start":{"line":272,"column":8},"end":{"line":272,"column":47}},"90":{"start":{"line":274,"column":8},"end":{"line":274,"column":77}},"91":{"start":{"line":276,"column":4},"end":{"line":276,"column":18}},"92":{"start":{"line":280,"column":17},"end":{"line":280,"column":37}},"93":{"start":{"line":281,"column":17},"end":{"line":281,"column":18}},"94":{"start":{"line":282,"column":4},"end":{"line":286,"column":5}},"95":{"start":{"line":283,"column":8},"end":{"line":283,"column":35}},"96":{"start":{"line":285,"column":8},"end":{"line":285,"column":78}},"97":{"start":{"line":287,"column":4},"end":{"line":287,"column":18}},"98":{"start":{"line":291,"column":17},"end":{"line":291,"column":37}},"99":{"start":{"line":293,"column":4},"end":{"line":306,"column":5}},"100":{"start":{"line":293,"column":24},"end":{"line":293,"column":25}},"101":{"start":{"line":294,"column":24},"end":{"line":294,"column":80}},"102":{"start":{"line":295,"column":24},"end":{"line":295,"column":73}},"103":{"start":{"line":296,"column":29},"end":{"line":296,"column":54}},"104":{"start":{"line":298,"column":6},"end":{"line":305,"column":7}},"105":{"start":{"line":299,"column":8},"end":{"line":304,"column":10}},"106":{"start":{"line":308,"column":4},"end":{"line":313,"column":6}},"107":{"start":{"line":317,"column":18},"end":{"line":317,"column":45}},"108":{"start":{"line":318,"column":4},"end":{"line":329,"column":7}},"109":{"start":{"line":319,"column":19},"end":{"line":319,"column":39}},"110":{"start":{"line":320,"column":23},"end":{"line":320,"column":55}},"111":{"start":{"line":321,"column":27},"end":{"line":321,"column":65}},"112":{"start":{"line":323,"column":6},"end":{"line":328,"column":8}}},"fnMap":{"0":{"name":"(anonymous_0)","decl":{"start":{"line":104,"column":2},"end":{"line":104,"column":3}},"loc":{"start":{"line":104,"column":12},"end":{"line":106,"column":3}},"line":104},"1":{"name":"(anonymous_1)","decl":{"start":{"line":108,"column":2},"end":{"line":108,"column":3}},"loc":{"start":{"line":108,"column":17},"end":{"line":117,"column":3}},"line":108},"2":{"name":"(anonymous_2)","decl":{"start":{"line":111,"column":22},"end":{"line":111,"column":23}},"loc":{"start":{"line":111,"column":34},"end":{"line":115,"column":9}},"line":111},"3":{"name":"(anonymous_3)","decl":{"start":{"line":119,"column":2},"end":{"line":119,"column":3}},"loc":{"start":{"line":119,"column":22},"end":{"line":128,"column":3}},"line":119},"4":{"name":"(anonymous_4)","decl":{"start":{"line":122,"column":22},"end":{"line":122,"column":23}},"loc":{"start":{"line":122,"column":34},"end":{"line":126,"column":9}},"line":122},"5":{"name":"(anonymous_5)","decl":{"start":{"line":130,"column":2},"end":{"line":130,"column":3}},"loc":{"start":{"line":130,"column":12},"end":{"line":137,"column":3}},"line":130},"6":{"name":"(anonymous_6)","decl":{"start":{"line":139,"column":2},"end":{"line":139,"column":3}},"loc":{"start":{"line":139,"column":17},"end":{"line":143,"column":3}},"line":139},"7":{"name":"(anonymous_7)","decl":{"start":{"line":145,"column":2},"end":{"line":145,"column":3}},"loc":{"start":{"line":145,"column":46},"end":{"line":169,"column":3}},"line":145},"8":{"name":"(anonymous_8)","decl":{"start":{"line":171,"column":2},"end":{"line":171,"column":3}},"loc":{"start":{"line":171,"column":46},"end":{"line":194,"column":3}},"line":171},"9":{"name":"(anonymous_9)","decl":{"start":{"line":196,"column":2},"end":{"line":196,"column":3}},"loc":{"start":{"line":196,"column":47},"end":{"line":228,"column":3}},"line":196},"10":{"name":"(anonymous_10)","decl":{"start":{"line":230,"column":2},"end":{"line":230,"column":3}},"loc":{"start":{"line":230,"column":47},"end":{"line":254,"column":3}},"line":230},"11":{"name":"(anonymous_11)","decl":{"start":{"line":256,"column":2},"end":{"line":256,"column":3}},"loc":{"start":{"line":256,"column":48},"end":{"line":266,"column":3}},"line":256},"12":{"name":"(anonymous_12)","decl":{"start":{"line":268,"column":2},"end":{"line":268,"column":3}},"loc":{"start":{"line":268,"column":53},"end":{"line":277,"column":3}},"line":268},"13":{"name":"(anonymous_13)","decl":{"start":{"line":279,"column":2},"end":{"line":279,"column":3}},"loc":{"start":{"line":279,"column":54},"end":{"line":288,"column":3}},"line":279},"14":{"name":"(anonymous_14)","decl":{"start":{"line":290,"column":2},"end":{"line":290,"column":3}},"loc":{"start":{"line":290,"column":52},"end":{"line":314,"column":3}},"line":290},"15":{"name":"(anonymous_15)","decl":{"start":{"line":316,"column":2},"end":{"line":316,"column":3}},"loc":{"start":{"line":316,"column":25},"end":{"line":330,"column":3}},"line":316},"16":{"name":"(anonymous_16)","decl":{"start":{"line":318,"column":21},"end":{"line":318,"column":22}},"loc":{"start":{"line":318,"column":29},"end":{"line":329,"column":5}},"line":318}},"branchMap":{"0":{"loc":{"start":{"line":112,"column":12},"end":{"line":114,"column":13}},"type":"if","locations":[{"start":{"line":112,"column":12},"end":{"line":114,"column":13}},{"start":{},"end":{}}],"line":112},"1":{"loc":{"start":{"line":123,"column":12},"end":{"line":125,"column":13}},"type":"if","locations":[{"start":{"line":123,"column":12},"end":{"line":125,"column":13}},{"start":{},"end":{}}],"line":123},"2":{"loc":{"start":{"line":131,"column":4},"end":{"line":136,"column":5}},"type":"if","locations":[{"start":{"line":131,"column":4},"end":{"line":136,"column":5}},{"start":{"line":134,"column":8},"end":{"line":136,"column":5}}],"line":131},"3":{"loc":{"start":{"line":131,"column":8},"end":{"line":131,"column":30}},"type":"binary-expr","locations":[{"start":{"line":131,"column":8},"end":{"line":131,"column":17}},{"start":{"line":131,"column":21},"end":{"line":131,"column":30}}],"line":131},"4":{"loc":{"start":{"line":151,"column":4},"end":{"line":167,"column":5}},"type":"switch","locations":[{"start":{"line":152,"column":8},"end":{"line":154,"column":18}},{"start":{"line":156,"column":8},"end":{"line":158,"column":18}},{"start":{"line":160,"column":8},"end":{"line":162,"column":18}},{"start":{"line":164,"column":8},"end":{"line":166,"column":18}}],"line":151},"5":{"loc":{"start":{"line":176,"column":4},"end":{"line":192,"column":5}},"type":"switch","locations":[{"start":{"line":177,"column":8},"end":{"line":179,"column":18}},{"start":{"line":181,"column":8},"end":{"line":183,"column":18}},{"start":{"line":185,"column":8},"end":{"line":187,"column":18}},{"start":{"line":189,"column":8},"end":{"line":191,"column":18}}],"line":176},"6":{"loc":{"start":{"line":202,"column":4},"end":{"line":226,"column":5}},"type":"switch","locations":[{"start":{"line":203,"column":8},"end":{"line":205,"column":18}},{"start":{"line":207,"column":8},"end":{"line":213,"column":18}},{"start":{"line":215,"column":8},"end":{"line":221,"column":18}},{"start":{"line":223,"column":8},"end":{"line":225,"column":18}}],"line":202},"7":{"loc":{"start":{"line":208,"column":12},"end":{"line":212,"column":13}},"type":"if","locations":[{"start":{"line":208,"column":12},"end":{"line":212,"column":13}},{"start":{"line":210,"column":19},"end":{"line":212,"column":13}}],"line":208},"8":{"loc":{"start":{"line":216,"column":12},"end":{"line":220,"column":13}},"type":"if","locations":[{"start":{"line":216,"column":12},"end":{"line":220,"column":13}},{"start":{"line":218,"column":19},"end":{"line":220,"column":13}}],"line":216},"9":{"loc":{"start":{"line":236,"column":4},"end":{"line":252,"column":5}},"type":"switch","locations":[{"start":{"line":237,"column":8},"end":{"line":239,"column":18}},{"start":{"line":241,"column":8},"end":{"line":243,"column":18}},{"start":{"line":245,"column":8},"end":{"line":247,"column":18}},{"start":{"line":249,"column":8},"end":{"line":251,"column":18}}],"line":236},"10":{"loc":{"start":{"line":260,"column":4},"end":{"line":264,"column":5}},"type":"if","locations":[{"start":{"line":260,"column":4},"end":{"line":264,"column":5}},{"start":{"line":262,"column":9},"end":{"line":264,"column":5}}],"line":260},"11":{"loc":{"start":{"line":271,"column":4},"end":{"line":275,"column":5}},"type":"if","locations":[{"start":{"line":271,"column":4},"end":{"line":275,"column":5}},{"start":{"line":273,"column":9},"end":{"line":275,"column":5}}],"line":271},"12":{"loc":{"start":{"line":282,"column":4},"end":{"line":286,"column":5}},"type":"if","locations":[{"start":{"line":282,"column":4},"end":{"line":286,"column":5}},{"start":{"line":284,"column":9},"end":{"line":286,"column":5}}],"line":282},"13":{"loc":{"start":{"line":290,"column":36},"end":{"line":290,"column":51}},"type":"default-arg","locations":[{"start":{"line":290,"column":50},"end":{"line":290,"column":51}}],"line":290},"14":{"loc":{"start":{"line":298,"column":6},"end":{"line":305,"column":7}},"type":"if","locations":[{"start":{"line":298,"column":6},"end":{"line":305,"column":7}},{"start":{},"end":{}}],"line":298},"15":{"loc":{"start":{"line":298,"column":9},"end":{"line":298,"column":86}},"type":"binary-expr","locations":[{"start":{"line":298,"column":9},"end":{"line":298,"column":35}},{"start":{"line":298,"column":39},"end":{"line":298,"column":61}},{"start":{"line":298,"column":65},"end":{"line":298,"column":86}}],"line":298}},"s":{"0":1,"1":486,"2":2,"3":2,"4":2,"5":50,"6":1,"7":2,"8":482,"9":482,"10":482,"11":12050,"12":3926,"13":482,"14":149,"15":89,"16":60,"17":462,"18":462,"19":462,"20":75,"21":75,"22":75,"23":75,"24":75,"25":19,"26":19,"27":20,"28":20,"29":36,"30":36,"31":0,"32":0,"33":75,"34":168,"35":168,"36":168,"37":168,"38":25,"39":25,"40":60,"41":60,"42":83,"43":83,"44":0,"45":0,"46":168,"47":9,"48":9,"49":9,"50":9,"51":9,"52":1,"53":1,"54":7,"55":4,"56":3,"57":7,"58":1,"59":1,"60":0,"61":1,"62":0,"63":0,"64":9,"65":78,"66":78,"67":78,"68":78,"69":78,"70":3,"71":3,"72":31,"73":31,"74":44,"75":44,"76":0,"77":0,"78":78,"79":12,"80":12,"81":12,"82":12,"83":2,"84":10,"85":12,"86":78,"87":78,"88":78,"89":20,"90":58,"91":78,"92":7,"93":7,"94":7,"95":2,"96":5,"97":7,"98":17,"99":17,"100":17,"101":51,"102":51,"103":51,"104":51,"105":0,"106":17,"107":4,"108":4,"109":12,"110":12,"111":12,"112":12},"f":{"0":486,"1":2,"2":50,"3":482,"4":12050,"5":149,"6":462,"7":75,"8":168,"9":9,"10":78,"11":12,"12":78,"13":7,"14":17,"15":4,"16":12},"b":{"0":[1,49],"1":[3926,8124],"2":[89,60],"3":[149,147],"4":[19,20,36,0],"5":[25,60,83,0],"6":[1,7,1,0],"7":[4,3],"8":[1,0],"9":[3,31,44,0],"10":[2,10],"11":[20,58],"12":[2,5],"13":[17],"14":[0,51],"15":[51,50,50]},"_coverageSchema":"1a1c01bbd47fc00a2c39e90264f33305004495a9","hash":"1961b21318b0d5b7cb6f4c7db62daa5a48ed2e5d"}
}
