TN:
SF:src/services/salesService.js
FN:104,(anonymous_0)
FN:108,(anonymous_1)
FN:111,(anonymous_2)
FN:119,(anonymous_3)
FN:122,(anonymous_4)
FN:130,(anonymous_5)
FN:139,(anonymous_6)
FN:145,(anonymous_7)
FN:171,(anonymous_8)
FN:196,(anonymous_9)
FN:230,(anonymous_10)
FN:256,(anonymous_11)
FN:268,(anonymous_12)
FN:279,(anonymous_13)
FN:290,(anonymous_14)
FN:316,(anonymous_15)
FN:318,(anonymous_16)
FNF:17
FNH:17
FNDA:486,(anonymous_0)
FNDA:2,(anonymous_1)
FNDA:50,(anonymous_2)
FNDA:482,(anonymous_3)
FNDA:12050,(anonymous_4)
FNDA:149,(anonymous_5)
FNDA:462,(anonymous_6)
FNDA:75,(anonymous_7)
FNDA:168,(anonymous_8)
FNDA:9,(anonymous_9)
FNDA:78,(anonymous_10)
FNDA:12,(anonymous_11)
FNDA:78,(anonymous_12)
FNDA:7,(anonymous_13)
FNDA:17,(anonymous_14)
FNDA:4,(anonymous_15)
FNDA:12,(anonymous_16)
DA:1,1
DA:105,486
DA:109,2
DA:110,2
DA:111,2
DA:112,50
DA:113,1
DA:116,2
DA:120,482
DA:121,482
DA:122,482
DA:123,12050
DA:124,3926
DA:127,482
DA:131,149
DA:132,89
DA:135,60
DA:140,462
DA:141,462
DA:142,462
DA:146,75
DA:147,75
DA:148,75
DA:149,75
DA:151,75
DA:153,19
DA:154,19
DA:157,20
DA:158,20
DA:161,36
DA:162,36
DA:165,0
DA:166,0
DA:168,75
DA:172,168
DA:173,168
DA:174,168
DA:176,168
DA:178,25
DA:179,25
DA:182,60
DA:183,60
DA:186,83
DA:187,83
DA:190,0
DA:191,0
DA:193,168
DA:197,9
DA:198,9
DA:199,9
DA:200,9
DA:202,9
DA:204,1
DA:205,1
DA:208,7
DA:209,4
DA:211,3
DA:213,7
DA:216,1
DA:217,1
DA:219,0
DA:221,1
DA:224,0
DA:225,0
DA:227,9
DA:231,78
DA:232,78
DA:233,78
DA:234,78
DA:236,78
DA:238,3
DA:239,3
DA:242,31
DA:243,31
DA:246,44
DA:247,44
DA:250,0
DA:251,0
DA:253,78
DA:257,12
DA:258,12
DA:259,12
DA:260,12
DA:261,2
DA:263,10
DA:265,12
DA:269,78
DA:270,78
DA:271,78
DA:272,20
DA:274,58
DA:276,78
DA:280,7
DA:281,7
DA:282,7
DA:283,2
DA:285,5
DA:287,7
DA:291,17
DA:293,17
DA:294,51
DA:295,51
DA:296,51
DA:298,51
DA:299,0
DA:308,17
DA:317,4
DA:318,4
DA:319,12
DA:320,12
DA:321,12
DA:323,12
LF:112
LH:102
BRDA:112,0,0,1
BRDA:112,0,1,49
BRDA:123,1,0,3926
BRDA:123,1,1,8124
BRDA:131,2,0,89
BRDA:131,2,1,60
BRDA:131,3,0,149
BRDA:131,3,1,147
BRDA:151,4,0,19
BRDA:151,4,1,20
BRDA:151,4,2,36
BRDA:151,4,3,0
BRDA:176,5,0,25
BRDA:176,5,1,60
BRDA:176,5,2,83
BRDA:176,5,3,0
BRDA:202,6,0,1
BRDA:202,6,1,7
BRDA:202,6,2,1
BRDA:202,6,3,0
BRDA:208,7,0,4
BRDA:208,7,1,3
BRDA:216,8,0,1
BRDA:216,8,1,0
BRDA:236,9,0,3
BRDA:236,9,1,31
BRDA:236,9,2,44
BRDA:236,9,3,0
BRDA:260,10,0,2
BRDA:260,10,1,10
BRDA:271,11,0,20
BRDA:271,11,1,58
BRDA:282,12,0,2
BRDA:282,12,1,5
BRDA:290,13,0,17
BRDA:298,14,0,0
BRDA:298,14,1,51
BRDA:298,15,0,51
BRDA:298,15,1,50
BRDA:298,15,2,50
BRF:40
BRH:34
end_of_record
